20:45:00.794 logback [main] INFO  com.usher.LoggerTest - Starting LoggerTest on DESKTOP-V341JIN with PID 44228 (started by 24219 in D:\sell)
20:45:00.795 logback [main] INFO  com.usher.LoggerTest - No active profile set, falling back to default profiles: default
20:45:00.847 logback [main] INFO  o.s.w.c.s.GenericWebApplicationContext - Refreshing org.springframework.web.context.support.GenericWebApplicationContext@798162bc: startup date [Mon Apr 23 20:45:00 CST 2018]; root of context hierarchy
20:45:01.639 logback [background-preinit] INFO  o.h.validator.internal.util.Version - HV000001: Hibernate Validator 5.3.6.Final
20:45:02.184 logback [main] INFO  o.s.d.r.c.RepositoryConfigurationDelegate - Multiple Spring Data modules found, entering strict repository configuration mode!
20:45:02.222 logback [main] INFO  o.s.d.r.c.RepositoryConfigurationDelegate - Multiple Spring Data modules found, entering strict repository configuration mode!
20:45:02.757 logback [main] INFO  o.s.b.f.a.AutowiredAnnotationBeanPostProcessor - JSR-330 'javax.inject.Inject' annotation found and supported for autowiring
20:45:02.942 logback [main] INFO  o.s.c.s.PostProcessorRegistrationDelegate$BeanPostProcessorChecker - Bean 'org.springframework.transaction.annotation.ProxyTransactionManagementConfiguration' of type [org.springframework.transaction.annotation.ProxyTransactionManagementConfiguration$$EnhancerBySpringCGLIB$$9b5a9d04] is not eligible for getting processed by all BeanPostProcessors (for example: not eligible for auto-proxying)
20:45:03.735 logback [main] INFO  c.alibaba.druid.pool.DruidDataSource - {dataSource-1} inited
20:45:04.082 logback [main] INFO  o.s.o.j.LocalContainerEntityManagerFactoryBean - Building JPA container EntityManagerFactory for persistence unit 'default'
20:45:04.101 logback [main] INFO  o.h.jpa.internal.util.LogHelper - HHH000204: Processing PersistenceUnitInfo [
	name: default
	...]
20:45:04.190 logback [main] INFO  org.hibernate.Version - HHH000412: Hibernate Core {5.0.12.Final}
20:45:04.191 logback [main] INFO  org.hibernate.cfg.Environment - HHH000206: hibernate.properties not found
20:45:04.193 logback [main] INFO  org.hibernate.cfg.Environment - HHH000021: Bytecode provider name : javassist
20:45:04.237 logback [main] INFO  o.h.annotations.common.Version - HCANN000001: Hibernate Commons Annotations {5.0.1.Final}
20:45:04.465 logback [main] INFO  org.hibernate.dialect.Dialect - HHH000400: Using dialect: org.hibernate.dialect.MySQL5Dialect
20:45:04.988 logback [main] INFO  o.s.o.j.LocalContainerEntityManagerFactoryBean - Initialized JPA EntityManagerFactory for persistence unit 'default'
20:45:05.833 logback [main] INFO  o.s.w.s.m.m.a.RequestMappingHandlerAdapter - Looking for @ControllerAdvice: org.springframework.web.context.support.GenericWebApplicationContext@798162bc: startup date [Mon Apr 23 20:45:00 CST 2018]; root of context hierarchy
20:45:06.002 logback [main] INFO  o.s.w.s.m.m.a.RequestMappingHandlerMapping - Mapped "{[/error]}" onto public org.springframework.http.ResponseEntity<java.util.Map<java.lang.String, java.lang.Object>> org.springframework.boot.autoconfigure.web.BasicErrorController.error(javax.servlet.http.HttpServletRequest)
20:45:06.004 logback [main] INFO  o.s.w.s.m.m.a.RequestMappingHandlerMapping - Mapped "{[/error],produces=[text/html]}" onto public org.springframework.web.servlet.ModelAndView org.springframework.boot.autoconfigure.web.BasicErrorController.errorHtml(javax.servlet.http.HttpServletRequest,javax.servlet.http.HttpServletResponse)
20:45:06.070 logback [main] INFO  o.s.w.s.h.SimpleUrlHandlerMapping - Mapped URL path [/webjars/**] onto handler of type [class org.springframework.web.servlet.resource.ResourceHttpRequestHandler]
20:45:06.070 logback [main] INFO  o.s.w.s.h.SimpleUrlHandlerMapping - Mapped URL path [/**] onto handler of type [class org.springframework.web.servlet.resource.ResourceHttpRequestHandler]
20:45:06.176 logback [main] INFO  o.s.w.s.h.SimpleUrlHandlerMapping - Mapped URL path [/**/favicon.ico] onto handler of type [class org.springframework.web.servlet.resource.ResourceHttpRequestHandler]
20:45:06.843 logback [main] INFO  o.s.u.f.SpringTemplateLoader - SpringTemplateLoader for FreeMarker: using resource loader [org.springframework.web.context.support.GenericWebApplicationContext@798162bc: startup date [Mon Apr 23 20:45:00 CST 2018]; root of context hierarchy] and template loader path [classpath:/templates/]
20:45:06.844 logback [main] INFO  o.s.w.s.v.f.FreeMarkerConfigurer - ClassTemplateLoader for Spring macros added to FreeMarker configuration
20:45:06.872 logback [main] WARN  o.s.b.a.f.FreeMarkerAutoConfiguration - Cannot find template location(s): [classpath:/templates/] (please add some templates, check your FreeMarker configuration, or set spring.freemarker.checkTemplateLocation=false)
20:45:07.123 logback [main] INFO  com.usher.LoggerTest - Started LoggerTest in 7.192 seconds (JVM running for 9.351)
20:45:07.193 logback [main] INFO  com.usher.LoggerTest - 这是info日志...
20:45:07.194 logback [main] WARN  com.usher.LoggerTest - 这是warn日志...
20:45:07.194 logback [main] ERROR com.usher.LoggerTest - 这是error日志...
20:45:07.202 logback [Thread-2] INFO  o.s.w.c.s.GenericWebApplicationContext - Closing org.springframework.web.context.support.GenericWebApplicationContext@798162bc: startup date [Mon Apr 23 20:45:00 CST 2018]; root of context hierarchy
20:45:07.207 logback [Thread-2] INFO  o.s.o.j.LocalContainerEntityManagerFactoryBean - Closing JPA EntityManagerFactory for persistence unit 'default'
20:45:07.213 logback [Thread-2] INFO  c.alibaba.druid.pool.DruidDataSource - {dataSource-1} closed
20:59:53.231 logback [main] INFO  com.usher.SellApplication - Starting SellApplication on DESKTOP-V341JIN with PID 26864 (D:\sell\target\classes started by 24219 in D:\sell)
20:59:53.269 logback [main] INFO  com.usher.SellApplication - No active profile set, falling back to default profiles: default
20:59:53.308 logback [main] INFO  o.s.b.c.e.AnnotationConfigEmbeddedWebApplicationContext - Refreshing org.springframework.boot.context.embedded.AnnotationConfigEmbeddedWebApplicationContext@2aceadd4: startup date [Mon Apr 23 20:59:53 CST 2018]; root of context hierarchy
20:59:53.414 logback [background-preinit] INFO  o.h.validator.internal.util.Version - HV000001: Hibernate Validator 5.3.6.Final
20:59:54.151 logback [main] INFO  o.s.d.r.c.RepositoryConfigurationDelegate - Multiple Spring Data modules found, entering strict repository configuration mode!
20:59:54.178 logback [main] INFO  o.s.d.r.c.RepositoryConfigurationDelegate - Multiple Spring Data modules found, entering strict repository configuration mode!
20:59:54.425 logback [main] INFO  o.s.b.f.a.AutowiredAnnotationBeanPostProcessor - JSR-330 'javax.inject.Inject' annotation found and supported for autowiring
20:59:54.544 logback [main] INFO  o.s.c.s.PostProcessorRegistrationDelegate$BeanPostProcessorChecker - Bean 'org.springframework.transaction.annotation.ProxyTransactionManagementConfiguration' of type [org.springframework.transaction.annotation.ProxyTransactionManagementConfiguration$$EnhancerBySpringCGLIB$$44a5e271] is not eligible for getting processed by all BeanPostProcessors (for example: not eligible for auto-proxying)
20:59:54.929 logback [main] INFO  o.s.b.c.e.t.TomcatEmbeddedServletContainer - Tomcat initialized with port(s): 8080 (http)
20:59:54.943 logback [main] INFO  o.a.coyote.http11.Http11NioProtocol - Initializing ProtocolHandler ["http-nio-8080"]
20:59:54.956 logback [main] INFO  o.a.catalina.core.StandardService - Starting service [Tomcat]
20:59:54.956 logback [main] INFO  o.a.catalina.core.StandardEngine - Starting Servlet Engine: Apache Tomcat/8.5.29
20:59:55.217 logback [localhost-startStop-1] INFO  o.a.c.c.C.[.[localhost].[/sell] - Initializing Spring embedded WebApplicationContext
20:59:55.217 logback [localhost-startStop-1] INFO  o.s.web.context.ContextLoader - Root WebApplicationContext: initialization completed in 1909 ms
20:59:55.489 logback [localhost-startStop-1] INFO  o.s.b.w.s.ServletRegistrationBean - Mapping servlet: 'statViewServlet' to [/druid/*]
20:59:55.490 logback [localhost-startStop-1] INFO  o.s.b.w.s.ServletRegistrationBean - Mapping servlet: 'dispatcherServlet' to [/]
20:59:55.493 logback [localhost-startStop-1] INFO  o.s.b.w.s.FilterRegistrationBean - Mapping filter: 'characterEncodingFilter' to: [/*]
20:59:55.494 logback [localhost-startStop-1] INFO  o.s.b.w.s.FilterRegistrationBean - Mapping filter: 'hiddenHttpMethodFilter' to: [/*]
20:59:55.494 logback [localhost-startStop-1] INFO  o.s.b.w.s.FilterRegistrationBean - Mapping filter: 'httpPutFormContentFilter' to: [/*]
20:59:55.494 logback [localhost-startStop-1] INFO  o.s.b.w.s.FilterRegistrationBean - Mapping filter: 'requestContextFilter' to: [/*]
20:59:55.494 logback [localhost-startStop-1] INFO  o.s.b.w.s.FilterRegistrationBean - Mapping filter: 'webStatFilter' to urls: [/*]
20:59:55.916 logback [main] INFO  c.alibaba.druid.pool.DruidDataSource - {dataSource-1} inited
20:59:56.153 logback [main] INFO  o.s.o.j.LocalContainerEntityManagerFactoryBean - Building JPA container EntityManagerFactory for persistence unit 'default'
20:59:56.167 logback [main] INFO  o.h.jpa.internal.util.LogHelper - HHH000204: Processing PersistenceUnitInfo [
	name: default
	...]
20:59:56.252 logback [main] INFO  org.hibernate.Version - HHH000412: Hibernate Core {5.0.12.Final}
20:59:56.254 logback [main] INFO  org.hibernate.cfg.Environment - HHH000206: hibernate.properties not found
20:59:56.255 logback [main] INFO  org.hibernate.cfg.Environment - HHH000021: Bytecode provider name : javassist
20:59:56.298 logback [main] INFO  o.h.annotations.common.Version - HCANN000001: Hibernate Commons Annotations {5.0.1.Final}
20:59:56.679 logback [main] INFO  org.hibernate.dialect.Dialect - HHH000400: Using dialect: org.hibernate.dialect.MySQL5Dialect
20:59:58.647 logback [main] INFO  o.s.o.j.LocalContainerEntityManagerFactoryBean - Initialized JPA EntityManagerFactory for persistence unit 'default'
20:59:58.934 logback [main] INFO  o.s.w.s.m.m.a.RequestMappingHandlerAdapter - Looking for @ControllerAdvice: org.springframework.boot.context.embedded.AnnotationConfigEmbeddedWebApplicationContext@2aceadd4: startup date [Mon Apr 23 20:59:53 CST 2018]; root of context hierarchy
20:59:58.995 logback [main] INFO  o.s.w.s.m.m.a.RequestMappingHandlerMapping - Mapped "{[/error]}" onto public org.springframework.http.ResponseEntity<java.util.Map<java.lang.String, java.lang.Object>> org.springframework.boot.autoconfigure.web.BasicErrorController.error(javax.servlet.http.HttpServletRequest)
20:59:58.996 logback [main] INFO  o.s.w.s.m.m.a.RequestMappingHandlerMapping - Mapped "{[/error],produces=[text/html]}" onto public org.springframework.web.servlet.ModelAndView org.springframework.boot.autoconfigure.web.BasicErrorController.errorHtml(javax.servlet.http.HttpServletRequest,javax.servlet.http.HttpServletResponse)
20:59:59.024 logback [main] INFO  o.s.w.s.h.SimpleUrlHandlerMapping - Mapped URL path [/webjars/**] onto handler of type [class org.springframework.web.servlet.resource.ResourceHttpRequestHandler]
20:59:59.024 logback [main] INFO  o.s.w.s.h.SimpleUrlHandlerMapping - Mapped URL path [/**] onto handler of type [class org.springframework.web.servlet.resource.ResourceHttpRequestHandler]
20:59:59.056 logback [main] INFO  o.s.w.s.h.SimpleUrlHandlerMapping - Mapped URL path [/**/favicon.ico] onto handler of type [class org.springframework.web.servlet.resource.ResourceHttpRequestHandler]
20:59:59.462 logback [main] INFO  o.s.u.f.SpringTemplateLoader - SpringTemplateLoader for FreeMarker: using resource loader [org.springframework.boot.context.embedded.AnnotationConfigEmbeddedWebApplicationContext@2aceadd4: startup date [Mon Apr 23 20:59:53 CST 2018]; root of context hierarchy] and template loader path [classpath:/templates/]
20:59:59.463 logback [main] INFO  o.s.w.s.v.f.FreeMarkerConfigurer - ClassTemplateLoader for Spring macros added to FreeMarker configuration
20:59:59.485 logback [main] WARN  o.s.b.a.f.FreeMarkerAutoConfiguration - Cannot find template location(s): [classpath:/templates/] (please add some templates, check your FreeMarker configuration, or set spring.freemarker.checkTemplateLocation=false)
20:59:59.605 logback [main] INFO  o.s.j.e.a.AnnotationMBeanExporter - Registering beans for JMX exposure on startup
20:59:59.606 logback [main] INFO  o.s.j.e.a.AnnotationMBeanExporter - Bean with name 'druid' has been autodetected for JMX exposure
20:59:59.612 logback [main] INFO  o.s.j.e.a.AnnotationMBeanExporter - Located MBean 'druid': registering with JMX server as MBean [com.alibaba.druid.pool:name=druid,type=DruidDataSource]
20:59:59.621 logback [main] INFO  o.a.coyote.http11.Http11NioProtocol - Starting ProtocolHandler ["http-nio-8080"]
20:59:59.633 logback [main] INFO  o.a.tomcat.util.net.NioSelectorPool - Using a shared selector for servlet write/read
20:59:59.647 logback [main] INFO  o.s.b.c.e.t.TomcatEmbeddedServletContainer - Tomcat started on port(s): 8080 (http)
20:59:59.651 logback [main] INFO  com.usher.SellApplication - Started SellApplication in 6.953 seconds (JVM running for 9.569)
21:01:30.112 logback [http-nio-8080-exec-10] INFO  o.a.c.c.C.[.[localhost].[/sell] - Initializing Spring FrameworkServlet 'dispatcherServlet'
21:01:30.112 logback [http-nio-8080-exec-10] INFO  o.s.web.servlet.DispatcherServlet - FrameworkServlet 'dispatcherServlet': initialization started
21:01:30.156 logback [http-nio-8080-exec-10] INFO  o.s.web.servlet.DispatcherServlet - FrameworkServlet 'dispatcherServlet': initialization completed in 44 ms
21:05:48.886 logback [main] INFO  com.usher.SellApplication - Starting SellApplication on DESKTOP-V341JIN with PID 32920 (D:\sell\target\classes started by 24219 in D:\sell)
21:05:48.889 logback [main] INFO  com.usher.SellApplication - No active profile set, falling back to default profiles: default
21:05:48.928 logback [main] INFO  o.s.b.c.e.AnnotationConfigEmbeddedWebApplicationContext - Refreshing org.springframework.boot.context.embedded.AnnotationConfigEmbeddedWebApplicationContext@2aceadd4: startup date [Mon Apr 23 21:05:48 CST 2018]; root of context hierarchy
21:05:49.072 logback [background-preinit] INFO  o.h.validator.internal.util.Version - HV000001: Hibernate Validator 5.3.6.Final
21:05:49.649 logback [main] INFO  o.s.d.r.c.RepositoryConfigurationDelegate - Multiple Spring Data modules found, entering strict repository configuration mode!
21:05:49.669 logback [main] INFO  o.s.d.r.c.RepositoryConfigurationDelegate - Multiple Spring Data modules found, entering strict repository configuration mode!
21:05:49.914 logback [main] INFO  o.s.b.f.a.AutowiredAnnotationBeanPostProcessor - JSR-330 'javax.inject.Inject' annotation found and supported for autowiring
21:05:50.029 logback [main] INFO  o.s.c.s.PostProcessorRegistrationDelegate$BeanPostProcessorChecker - Bean 'org.springframework.transaction.annotation.ProxyTransactionManagementConfiguration' of type [org.springframework.transaction.annotation.ProxyTransactionManagementConfiguration$$EnhancerBySpringCGLIB$$cfead7e3] is not eligible for getting processed by all BeanPostProcessors (for example: not eligible for auto-proxying)
21:05:50.421 logback [main] INFO  o.s.b.c.e.t.TomcatEmbeddedServletContainer - Tomcat initialized with port(s): 8080 (http)
21:05:50.436 logback [main] INFO  o.a.coyote.http11.Http11NioProtocol - Initializing ProtocolHandler ["http-nio-8080"]
21:05:50.447 logback [main] INFO  o.a.catalina.core.StandardService - Starting service [Tomcat]
21:05:50.447 logback [main] INFO  o.a.catalina.core.StandardEngine - Starting Servlet Engine: Apache Tomcat/8.5.29
21:05:50.703 logback [localhost-startStop-1] INFO  o.a.c.c.C.[.[localhost].[/sell] - Initializing Spring embedded WebApplicationContext
21:05:50.703 logback [localhost-startStop-1] INFO  o.s.web.context.ContextLoader - Root WebApplicationContext: initialization completed in 1776 ms
21:05:51.063 logback [localhost-startStop-1] INFO  o.s.b.w.s.ServletRegistrationBean - Mapping servlet: 'statViewServlet' to [/druid/*]
21:05:51.066 logback [localhost-startStop-1] INFO  o.s.b.w.s.ServletRegistrationBean - Mapping servlet: 'dispatcherServlet' to [/]
21:05:51.073 logback [localhost-startStop-1] INFO  o.s.b.w.s.FilterRegistrationBean - Mapping filter: 'characterEncodingFilter' to: [/*]
21:05:51.074 logback [localhost-startStop-1] INFO  o.s.b.w.s.FilterRegistrationBean - Mapping filter: 'hiddenHttpMethodFilter' to: [/*]
21:05:51.074 logback [localhost-startStop-1] INFO  o.s.b.w.s.FilterRegistrationBean - Mapping filter: 'httpPutFormContentFilter' to: [/*]
21:05:51.074 logback [localhost-startStop-1] INFO  o.s.b.w.s.FilterRegistrationBean - Mapping filter: 'requestContextFilter' to: [/*]
21:05:51.074 logback [localhost-startStop-1] INFO  o.s.b.w.s.FilterRegistrationBean - Mapping filter: 'webStatFilter' to urls: [/*]
21:05:51.523 logback [main] INFO  c.alibaba.druid.pool.DruidDataSource - {dataSource-1} inited
21:05:51.710 logback [main] INFO  o.s.o.j.LocalContainerEntityManagerFactoryBean - Building JPA container EntityManagerFactory for persistence unit 'default'
21:05:51.720 logback [main] INFO  o.h.jpa.internal.util.LogHelper - HHH000204: Processing PersistenceUnitInfo [
	name: default
	...]
21:05:51.786 logback [main] INFO  org.hibernate.Version - HHH000412: Hibernate Core {5.0.12.Final}
21:05:51.789 logback [main] INFO  org.hibernate.cfg.Environment - HHH000206: hibernate.properties not found
21:05:51.790 logback [main] INFO  org.hibernate.cfg.Environment - HHH000021: Bytecode provider name : javassist
21:05:51.828 logback [main] INFO  o.h.annotations.common.Version - HCANN000001: Hibernate Commons Annotations {5.0.1.Final}
21:05:52.041 logback [main] INFO  org.hibernate.dialect.Dialect - HHH000400: Using dialect: org.hibernate.dialect.MySQL5Dialect
21:05:52.195 logback [main] INFO  o.s.o.j.LocalContainerEntityManagerFactoryBean - Initialized JPA EntityManagerFactory for persistence unit 'default'
21:05:52.487 logback [main] INFO  o.s.w.s.m.m.a.RequestMappingHandlerAdapter - Looking for @ControllerAdvice: org.springframework.boot.context.embedded.AnnotationConfigEmbeddedWebApplicationContext@2aceadd4: startup date [Mon Apr 23 21:05:48 CST 2018]; root of context hierarchy
21:05:52.545 logback [main] INFO  o.s.w.s.m.m.a.RequestMappingHandlerMapping - Mapped "{[/error]}" onto public org.springframework.http.ResponseEntity<java.util.Map<java.lang.String, java.lang.Object>> org.springframework.boot.autoconfigure.web.BasicErrorController.error(javax.servlet.http.HttpServletRequest)
21:05:52.546 logback [main] INFO  o.s.w.s.m.m.a.RequestMappingHandlerMapping - Mapped "{[/error],produces=[text/html]}" onto public org.springframework.web.servlet.ModelAndView org.springframework.boot.autoconfigure.web.BasicErrorController.errorHtml(javax.servlet.http.HttpServletRequest,javax.servlet.http.HttpServletResponse)
21:05:52.574 logback [main] INFO  o.s.w.s.h.SimpleUrlHandlerMapping - Mapped URL path [/webjars/**] onto handler of type [class org.springframework.web.servlet.resource.ResourceHttpRequestHandler]
21:05:52.575 logback [main] INFO  o.s.w.s.h.SimpleUrlHandlerMapping - Mapped URL path [/**] onto handler of type [class org.springframework.web.servlet.resource.ResourceHttpRequestHandler]
21:05:52.609 logback [main] INFO  o.s.w.s.h.SimpleUrlHandlerMapping - Mapped URL path [/**/favicon.ico] onto handler of type [class org.springframework.web.servlet.resource.ResourceHttpRequestHandler]
21:05:53.023 logback [main] INFO  o.s.u.f.SpringTemplateLoader - SpringTemplateLoader for FreeMarker: using resource loader [org.springframework.boot.context.embedded.AnnotationConfigEmbeddedWebApplicationContext@2aceadd4: startup date [Mon Apr 23 21:05:48 CST 2018]; root of context hierarchy] and template loader path [classpath:/templates/]
21:05:53.025 logback [main] INFO  o.s.w.s.v.f.FreeMarkerConfigurer - ClassTemplateLoader for Spring macros added to FreeMarker configuration
21:05:53.058 logback [main] WARN  o.s.b.a.f.FreeMarkerAutoConfiguration - Cannot find template location(s): [classpath:/templates/] (please add some templates, check your FreeMarker configuration, or set spring.freemarker.checkTemplateLocation=false)
21:05:53.207 logback [main] INFO  o.s.j.e.a.AnnotationMBeanExporter - Registering beans for JMX exposure on startup
21:05:53.208 logback [main] INFO  o.s.j.e.a.AnnotationMBeanExporter - Bean with name 'druid' has been autodetected for JMX exposure
21:05:53.213 logback [main] INFO  o.s.j.e.a.AnnotationMBeanExporter - Located MBean 'druid': registering with JMX server as MBean [com.alibaba.druid.pool:name=druid,type=DruidDataSource]
21:05:53.222 logback [main] INFO  o.a.coyote.http11.Http11NioProtocol - Starting ProtocolHandler ["http-nio-8080"]
21:05:53.236 logback [main] INFO  o.a.tomcat.util.net.NioSelectorPool - Using a shared selector for servlet write/read
21:05:53.250 logback [main] INFO  o.s.b.c.e.t.TomcatEmbeddedServletContainer - Tomcat started on port(s): 8080 (http)
21:05:53.254 logback [main] INFO  com.usher.SellApplication - Started SellApplication in 5.046 seconds (JVM running for 6.746)
21:09:40.469 logback [main] INFO  com.usher.SellApplication - Starting SellApplication on DESKTOP-V341JIN with PID 27664 (D:\sell\target\classes started by 24219 in D:\sell)
21:09:40.472 logback [main] INFO  com.usher.SellApplication - No active profile set, falling back to default profiles: default
21:09:40.514 logback [main] INFO  o.s.b.c.e.AnnotationConfigEmbeddedWebApplicationContext - Refreshing org.springframework.boot.context.embedded.AnnotationConfigEmbeddedWebApplicationContext@2aceadd4: startup date [Mon Apr 23 21:09:40 CST 2018]; root of context hierarchy
21:09:40.666 logback [background-preinit] INFO  o.h.validator.internal.util.Version - HV000001: Hibernate Validator 5.3.6.Final
21:09:41.133 logback [main] INFO  o.s.d.r.c.RepositoryConfigurationDelegate - Multiple Spring Data modules found, entering strict repository configuration mode!
21:09:41.156 logback [main] INFO  o.s.d.r.c.RepositoryConfigurationDelegate - Multiple Spring Data modules found, entering strict repository configuration mode!
21:09:41.383 logback [main] INFO  o.s.b.f.a.AutowiredAnnotationBeanPostProcessor - JSR-330 'javax.inject.Inject' annotation found and supported for autowiring
21:09:41.505 logback [main] INFO  o.s.c.s.PostProcessorRegistrationDelegate$BeanPostProcessorChecker - Bean 'org.springframework.transaction.annotation.ProxyTransactionManagementConfiguration' of type [org.springframework.transaction.annotation.ProxyTransactionManagementConfiguration$$EnhancerBySpringCGLIB$$b2006fcd] is not eligible for getting processed by all BeanPostProcessors (for example: not eligible for auto-proxying)
21:09:42.048 logback [main] INFO  o.s.b.c.e.t.TomcatEmbeddedServletContainer - Tomcat initialized with port(s): 8080 (http)
21:09:42.066 logback [main] INFO  o.a.coyote.http11.Http11NioProtocol - Initializing ProtocolHandler ["http-nio-8080"]
21:09:42.088 logback [main] INFO  o.a.catalina.core.StandardService - Starting service [Tomcat]
21:09:42.089 logback [main] INFO  o.a.catalina.core.StandardEngine - Starting Servlet Engine: Apache Tomcat/8.5.29
21:09:42.519 logback [localhost-startStop-1] INFO  o.a.c.c.C.[.[localhost].[/sell] - Initializing Spring embedded WebApplicationContext
21:09:42.519 logback [localhost-startStop-1] INFO  o.s.web.context.ContextLoader - Root WebApplicationContext: initialization completed in 2006 ms
21:09:42.805 logback [localhost-startStop-1] INFO  o.s.b.w.s.ServletRegistrationBean - Mapping servlet: 'statViewServlet' to [/druid/*]
21:09:42.807 logback [localhost-startStop-1] INFO  o.s.b.w.s.ServletRegistrationBean - Mapping servlet: 'dispatcherServlet' to [/]
21:09:42.811 logback [localhost-startStop-1] INFO  o.s.b.w.s.FilterRegistrationBean - Mapping filter: 'characterEncodingFilter' to: [/*]
21:09:42.811 logback [localhost-startStop-1] INFO  o.s.b.w.s.FilterRegistrationBean - Mapping filter: 'hiddenHttpMethodFilter' to: [/*]
21:09:42.811 logback [localhost-startStop-1] INFO  o.s.b.w.s.FilterRegistrationBean - Mapping filter: 'httpPutFormContentFilter' to: [/*]
21:09:42.811 logback [localhost-startStop-1] INFO  o.s.b.w.s.FilterRegistrationBean - Mapping filter: 'requestContextFilter' to: [/*]
21:09:42.812 logback [localhost-startStop-1] INFO  o.s.b.w.s.FilterRegistrationBean - Mapping filter: 'webStatFilter' to urls: [/*]
21:09:43.226 logback [main] INFO  c.alibaba.druid.pool.DruidDataSource - {dataSource-1} inited
21:09:43.449 logback [main] INFO  o.s.o.j.LocalContainerEntityManagerFactoryBean - Building JPA container EntityManagerFactory for persistence unit 'default'
21:09:43.463 logback [main] INFO  o.h.jpa.internal.util.LogHelper - HHH000204: Processing PersistenceUnitInfo [
	name: default
	...]
21:09:43.529 logback [main] INFO  org.hibernate.Version - HHH000412: Hibernate Core {5.0.12.Final}
21:09:43.531 logback [main] INFO  org.hibernate.cfg.Environment - HHH000206: hibernate.properties not found
21:09:43.532 logback [main] INFO  org.hibernate.cfg.Environment - HHH000021: Bytecode provider name : javassist
21:09:43.572 logback [main] INFO  o.h.annotations.common.Version - HCANN000001: Hibernate Commons Annotations {5.0.1.Final}
21:09:43.756 logback [main] INFO  org.hibernate.dialect.Dialect - HHH000400: Using dialect: org.hibernate.dialect.MySQL5Dialect
21:09:43.927 logback [main] INFO  o.s.o.j.LocalContainerEntityManagerFactoryBean - Initialized JPA EntityManagerFactory for persistence unit 'default'
21:09:44.206 logback [main] INFO  o.s.w.s.m.m.a.RequestMappingHandlerAdapter - Looking for @ControllerAdvice: org.springframework.boot.context.embedded.AnnotationConfigEmbeddedWebApplicationContext@2aceadd4: startup date [Mon Apr 23 21:09:40 CST 2018]; root of context hierarchy
21:09:44.265 logback [main] INFO  o.s.w.s.m.m.a.RequestMappingHandlerMapping - Mapped "{[/error]}" onto public org.springframework.http.ResponseEntity<java.util.Map<java.lang.String, java.lang.Object>> org.springframework.boot.autoconfigure.web.BasicErrorController.error(javax.servlet.http.HttpServletRequest)
21:09:44.266 logback [main] INFO  o.s.w.s.m.m.a.RequestMappingHandlerMapping - Mapped "{[/error],produces=[text/html]}" onto public org.springframework.web.servlet.ModelAndView org.springframework.boot.autoconfigure.web.BasicErrorController.errorHtml(javax.servlet.http.HttpServletRequest,javax.servlet.http.HttpServletResponse)
21:09:44.292 logback [main] INFO  o.s.w.s.h.SimpleUrlHandlerMapping - Mapped URL path [/webjars/**] onto handler of type [class org.springframework.web.servlet.resource.ResourceHttpRequestHandler]
21:09:44.293 logback [main] INFO  o.s.w.s.h.SimpleUrlHandlerMapping - Mapped URL path [/**] onto handler of type [class org.springframework.web.servlet.resource.ResourceHttpRequestHandler]
21:09:44.324 logback [main] INFO  o.s.w.s.h.SimpleUrlHandlerMapping - Mapped URL path [/**/favicon.ico] onto handler of type [class org.springframework.web.servlet.resource.ResourceHttpRequestHandler]
21:09:44.750 logback [main] INFO  o.s.u.f.SpringTemplateLoader - SpringTemplateLoader for FreeMarker: using resource loader [org.springframework.boot.context.embedded.AnnotationConfigEmbeddedWebApplicationContext@2aceadd4: startup date [Mon Apr 23 21:09:40 CST 2018]; root of context hierarchy] and template loader path [classpath:/templates/]
21:09:44.751 logback [main] INFO  o.s.w.s.v.f.FreeMarkerConfigurer - ClassTemplateLoader for Spring macros added to FreeMarker configuration
21:09:44.772 logback [main] WARN  o.s.b.a.f.FreeMarkerAutoConfiguration - Cannot find template location(s): [classpath:/templates/] (please add some templates, check your FreeMarker configuration, or set spring.freemarker.checkTemplateLocation=false)
21:09:44.885 logback [main] INFO  o.s.j.e.a.AnnotationMBeanExporter - Registering beans for JMX exposure on startup
21:09:44.885 logback [main] INFO  o.s.j.e.a.AnnotationMBeanExporter - Bean with name 'druid' has been autodetected for JMX exposure
21:09:44.891 logback [main] INFO  o.s.j.e.a.AnnotationMBeanExporter - Located MBean 'druid': registering with JMX server as MBean [com.alibaba.druid.pool:name=druid,type=DruidDataSource]
21:09:44.901 logback [main] INFO  o.a.coyote.http11.Http11NioProtocol - Starting ProtocolHandler ["http-nio-8080"]
21:09:44.913 logback [main] INFO  o.a.tomcat.util.net.NioSelectorPool - Using a shared selector for servlet write/read
21:09:44.927 logback [main] INFO  o.s.b.c.e.t.TomcatEmbeddedServletContainer - Tomcat started on port(s): 8080 (http)
21:09:44.931 logback [main] INFO  com.usher.SellApplication - Started SellApplication in 5.112 seconds (JVM running for 6.753)
21:19:39.282 logback [main] INFO  com.usher.SellApplication - Starting SellApplication on DESKTOP-V341JIN with PID 784 (D:\sell\target\classes started by 24219 in D:\sell)
21:19:39.287 logback [main] INFO  com.usher.SellApplication - No active profile set, falling back to default profiles: default
21:19:39.345 logback [main] INFO  o.s.b.c.e.AnnotationConfigEmbeddedWebApplicationContext - Refreshing org.springframework.boot.context.embedded.AnnotationConfigEmbeddedWebApplicationContext@2aceadd4: startup date [Mon Apr 23 21:19:39 CST 2018]; root of context hierarchy
21:19:39.603 logback [background-preinit] INFO  o.h.validator.internal.util.Version - HV000001: Hibernate Validator 5.3.6.Final
21:19:40.214 logback [main] INFO  o.s.d.r.c.RepositoryConfigurationDelegate - Multiple Spring Data modules found, entering strict repository configuration mode!
21:19:40.236 logback [main] INFO  o.s.d.r.c.RepositoryConfigurationDelegate - Multiple Spring Data modules found, entering strict repository configuration mode!
21:19:40.549 logback [main] INFO  o.s.b.f.a.AutowiredAnnotationBeanPostProcessor - JSR-330 'javax.inject.Inject' annotation found and supported for autowiring
21:19:40.806 logback [main] INFO  o.s.c.s.PostProcessorRegistrationDelegate$BeanPostProcessorChecker - Bean 'org.springframework.transaction.annotation.ProxyTransactionManagementConfiguration' of type [org.springframework.transaction.annotation.ProxyTransactionManagementConfiguration$$EnhancerBySpringCGLIB$$8cb5c2bc] is not eligible for getting processed by all BeanPostProcessors (for example: not eligible for auto-proxying)
21:19:41.343 logback [main] INFO  o.s.b.c.e.t.TomcatEmbeddedServletContainer - Tomcat initialized with port(s): 8080 (http)
21:19:41.370 logback [main] INFO  o.a.coyote.http11.Http11NioProtocol - Initializing ProtocolHandler ["http-nio-8080"]
21:19:41.382 logback [main] INFO  o.a.catalina.core.StandardService - Starting service [Tomcat]
21:19:41.382 logback [main] INFO  o.a.catalina.core.StandardEngine - Starting Servlet Engine: Apache Tomcat/8.5.29
21:19:41.747 logback [localhost-startStop-1] INFO  o.a.c.c.C.[.[localhost].[/sell] - Initializing Spring embedded WebApplicationContext
21:19:41.747 logback [localhost-startStop-1] INFO  o.s.web.context.ContextLoader - Root WebApplicationContext: initialization completed in 2402 ms
21:19:42.143 logback [localhost-startStop-1] INFO  o.s.b.w.s.ServletRegistrationBean - Mapping servlet: 'statViewServlet' to [/druid/*]
21:19:42.144 logback [localhost-startStop-1] INFO  o.s.b.w.s.ServletRegistrationBean - Mapping servlet: 'dispatcherServlet' to [/]
21:19:42.150 logback [localhost-startStop-1] INFO  o.s.b.w.s.FilterRegistrationBean - Mapping filter: 'characterEncodingFilter' to: [/*]
21:19:42.150 logback [localhost-startStop-1] INFO  o.s.b.w.s.FilterRegistrationBean - Mapping filter: 'hiddenHttpMethodFilter' to: [/*]
21:19:42.151 logback [localhost-startStop-1] INFO  o.s.b.w.s.FilterRegistrationBean - Mapping filter: 'httpPutFormContentFilter' to: [/*]
21:19:42.151 logback [localhost-startStop-1] INFO  o.s.b.w.s.FilterRegistrationBean - Mapping filter: 'requestContextFilter' to: [/*]
21:19:42.151 logback [localhost-startStop-1] INFO  o.s.b.w.s.FilterRegistrationBean - Mapping filter: 'webStatFilter' to urls: [/*]
21:19:42.871 logback [main] INFO  c.alibaba.druid.pool.DruidDataSource - {dataSource-1} inited
21:19:43.170 logback [main] INFO  o.s.o.j.LocalContainerEntityManagerFactoryBean - Building JPA container EntityManagerFactory for persistence unit 'default'
21:19:43.187 logback [main] INFO  o.h.jpa.internal.util.LogHelper - HHH000204: Processing PersistenceUnitInfo [
	name: default
	...]
21:19:43.278 logback [main] INFO  org.hibernate.Version - HHH000412: Hibernate Core {5.0.12.Final}
21:19:43.281 logback [main] INFO  org.hibernate.cfg.Environment - HHH000206: hibernate.properties not found
21:19:43.282 logback [main] INFO  org.hibernate.cfg.Environment - HHH000021: Bytecode provider name : javassist
21:19:43.359 logback [main] INFO  o.h.annotations.common.Version - HCANN000001: Hibernate Commons Annotations {5.0.1.Final}
21:19:43.532 logback [main] INFO  org.hibernate.dialect.Dialect - HHH000400: Using dialect: org.hibernate.dialect.MySQL5Dialect
21:19:43.872 logback [main] INFO  o.s.o.j.LocalContainerEntityManagerFactoryBean - Initialized JPA EntityManagerFactory for persistence unit 'default'
21:19:44.202 logback [main] INFO  o.s.w.s.m.m.a.RequestMappingHandlerAdapter - Looking for @ControllerAdvice: org.springframework.boot.context.embedded.AnnotationConfigEmbeddedWebApplicationContext@2aceadd4: startup date [Mon Apr 23 21:19:39 CST 2018]; root of context hierarchy
21:19:44.274 logback [main] INFO  o.s.w.s.m.m.a.RequestMappingHandlerMapping - Mapped "{[/error]}" onto public org.springframework.http.ResponseEntity<java.util.Map<java.lang.String, java.lang.Object>> org.springframework.boot.autoconfigure.web.BasicErrorController.error(javax.servlet.http.HttpServletRequest)
21:19:44.275 logback [main] INFO  o.s.w.s.m.m.a.RequestMappingHandlerMapping - Mapped "{[/error],produces=[text/html]}" onto public org.springframework.web.servlet.ModelAndView org.springframework.boot.autoconfigure.web.BasicErrorController.errorHtml(javax.servlet.http.HttpServletRequest,javax.servlet.http.HttpServletResponse)
21:19:44.311 logback [main] INFO  o.s.w.s.h.SimpleUrlHandlerMapping - Mapped URL path [/webjars/**] onto handler of type [class org.springframework.web.servlet.resource.ResourceHttpRequestHandler]
21:19:44.312 logback [main] INFO  o.s.w.s.h.SimpleUrlHandlerMapping - Mapped URL path [/**] onto handler of type [class org.springframework.web.servlet.resource.ResourceHttpRequestHandler]
21:19:44.358 logback [main] INFO  o.s.w.s.h.SimpleUrlHandlerMapping - Mapped URL path [/**/favicon.ico] onto handler of type [class org.springframework.web.servlet.resource.ResourceHttpRequestHandler]
21:19:44.761 logback [main] INFO  o.s.u.f.SpringTemplateLoader - SpringTemplateLoader for FreeMarker: using resource loader [org.springframework.boot.context.embedded.AnnotationConfigEmbeddedWebApplicationContext@2aceadd4: startup date [Mon Apr 23 21:19:39 CST 2018]; root of context hierarchy] and template loader path [classpath:/templates/]
21:19:44.762 logback [main] INFO  o.s.w.s.v.f.FreeMarkerConfigurer - ClassTemplateLoader for Spring macros added to FreeMarker configuration
21:19:44.784 logback [main] WARN  o.s.b.a.f.FreeMarkerAutoConfiguration - Cannot find template location(s): [classpath:/templates/] (please add some templates, check your FreeMarker configuration, or set spring.freemarker.checkTemplateLocation=false)
21:19:44.905 logback [main] INFO  o.s.j.e.a.AnnotationMBeanExporter - Registering beans for JMX exposure on startup
21:19:44.906 logback [main] INFO  o.s.j.e.a.AnnotationMBeanExporter - Bean with name 'druid' has been autodetected for JMX exposure
21:19:44.910 logback [main] INFO  o.s.j.e.a.AnnotationMBeanExporter - Located MBean 'druid': registering with JMX server as MBean [com.alibaba.druid.pool:name=druid,type=DruidDataSource]
21:19:44.919 logback [main] INFO  o.a.coyote.http11.Http11NioProtocol - Starting ProtocolHandler ["http-nio-8080"]
21:19:44.931 logback [main] INFO  o.a.tomcat.util.net.NioSelectorPool - Using a shared selector for servlet write/read
21:19:44.944 logback [main] INFO  o.s.b.c.e.t.TomcatEmbeddedServletContainer - Tomcat started on port(s): 8080 (http)
21:19:44.947 logback [main] INFO  com.usher.SellApplication - Started SellApplication in 6.674 seconds (JVM running for 9.404)
22:51:28.571 logback [main] INFO  c.u.r.ProductCategoryRepositoryTest - Starting ProductCategoryRepositoryTest on DESKTOP-V341JIN with PID 27992 (started by 24219 in D:\sell)
22:51:28.612 logback [main] INFO  c.u.r.ProductCategoryRepositoryTest - No active profile set, falling back to default profiles: default
22:51:28.710 logback [main] INFO  o.s.w.c.s.GenericWebApplicationContext - Refreshing org.springframework.web.context.support.GenericWebApplicationContext@1df8da7a: startup date [Mon Apr 23 22:51:28 CST 2018]; root of context hierarchy
22:51:29.671 logback [background-preinit] INFO  o.h.validator.internal.util.Version - HV000001: Hibernate Validator 5.3.6.Final
22:51:30.879 logback [main] INFO  o.s.d.r.c.RepositoryConfigurationDelegate - Multiple Spring Data modules found, entering strict repository configuration mode!
22:51:31.079 logback [main] INFO  o.s.d.r.c.RepositoryConfigurationDelegate - Multiple Spring Data modules found, entering strict repository configuration mode!
22:51:31.171 logback [main] INFO  o.s.d.r.c.RepositoryConfigurationExtensionSupport - Spring Data Redis - Could not safely identify store assignment for repository candidate interface com.usher.repository.ProductCategoryRepository.
22:51:32.523 logback [main] INFO  o.s.b.f.a.AutowiredAnnotationBeanPostProcessor - JSR-330 'javax.inject.Inject' annotation found and supported for autowiring
22:51:32.974 logback [main] INFO  o.s.c.s.PostProcessorRegistrationDelegate$BeanPostProcessorChecker - Bean 'org.springframework.transaction.annotation.ProxyTransactionManagementConfiguration' of type [org.springframework.transaction.annotation.ProxyTransactionManagementConfiguration$$EnhancerBySpringCGLIB$$fdb646fa] is not eligible for getting processed by all BeanPostProcessors (for example: not eligible for auto-proxying)
22:51:35.373 logback [main] INFO  c.alibaba.druid.pool.DruidDataSource - {dataSource-1} inited
22:51:36.211 logback [main] INFO  o.s.o.j.LocalContainerEntityManagerFactoryBean - Building JPA container EntityManagerFactory for persistence unit 'default'
22:51:36.246 logback [main] INFO  o.h.jpa.internal.util.LogHelper - HHH000204: Processing PersistenceUnitInfo [
	name: default
	...]
22:51:36.423 logback [main] INFO  org.hibernate.Version - HHH000412: Hibernate Core {5.0.12.Final}
22:51:36.434 logback [main] INFO  org.hibernate.cfg.Environment - HHH000206: hibernate.properties not found
22:51:36.443 logback [main] INFO  org.hibernate.cfg.Environment - HHH000021: Bytecode provider name : javassist
22:51:36.570 logback [main] INFO  o.h.annotations.common.Version - HCANN000001: Hibernate Commons Annotations {5.0.1.Final}
22:51:36.995 logback [main] INFO  org.hibernate.dialect.Dialect - HHH000400: Using dialect: org.hibernate.dialect.MySQL5Dialect
22:51:38.722 logback [main] INFO  o.s.o.j.LocalContainerEntityManagerFactoryBean - Initialized JPA EntityManagerFactory for persistence unit 'default'
22:51:41.030 logback [main] INFO  o.s.w.s.m.m.a.RequestMappingHandlerAdapter - Looking for @ControllerAdvice: org.springframework.web.context.support.GenericWebApplicationContext@1df8da7a: startup date [Mon Apr 23 22:51:28 CST 2018]; root of context hierarchy
22:51:41.391 logback [main] INFO  o.s.w.s.m.m.a.RequestMappingHandlerMapping - Mapped "{[/error]}" onto public org.springframework.http.ResponseEntity<java.util.Map<java.lang.String, java.lang.Object>> org.springframework.boot.autoconfigure.web.BasicErrorController.error(javax.servlet.http.HttpServletRequest)
22:51:41.397 logback [main] INFO  o.s.w.s.m.m.a.RequestMappingHandlerMapping - Mapped "{[/error],produces=[text/html]}" onto public org.springframework.web.servlet.ModelAndView org.springframework.boot.autoconfigure.web.BasicErrorController.errorHtml(javax.servlet.http.HttpServletRequest,javax.servlet.http.HttpServletResponse)
22:51:41.897 logback [main] INFO  o.s.w.s.h.SimpleUrlHandlerMapping - Mapped URL path [/webjars/**] onto handler of type [class org.springframework.web.servlet.resource.ResourceHttpRequestHandler]
22:51:41.913 logback [main] INFO  o.s.w.s.h.SimpleUrlHandlerMapping - Mapped URL path [/**] onto handler of type [class org.springframework.web.servlet.resource.ResourceHttpRequestHandler]
22:51:42.165 logback [main] INFO  o.s.w.s.h.SimpleUrlHandlerMapping - Mapped URL path [/**/favicon.ico] onto handler of type [class org.springframework.web.servlet.resource.ResourceHttpRequestHandler]
22:51:47.495 logback [main] INFO  o.s.u.f.SpringTemplateLoader - SpringTemplateLoader for FreeMarker: using resource loader [org.springframework.web.context.support.GenericWebApplicationContext@1df8da7a: startup date [Mon Apr 23 22:51:28 CST 2018]; root of context hierarchy] and template loader path [classpath:/templates/]
22:51:47.498 logback [main] INFO  o.s.w.s.v.f.FreeMarkerConfigurer - ClassTemplateLoader for Spring macros added to FreeMarker configuration
22:51:47.609 logback [main] WARN  o.s.b.a.f.FreeMarkerAutoConfiguration - Cannot find template location(s): [classpath:/templates/] (please add some templates, check your FreeMarker configuration, or set spring.freemarker.checkTemplateLocation=false)
22:51:48.447 logback [main] INFO  c.u.r.ProductCategoryRepositoryTest - Started ProductCategoryRepositoryTest in 22.736 seconds (JVM running for 28.922)
22:51:49.364 logback [Thread-2] INFO  o.s.w.c.s.GenericWebApplicationContext - Closing org.springframework.web.context.support.GenericWebApplicationContext@1df8da7a: startup date [Mon Apr 23 22:51:28 CST 2018]; root of context hierarchy
22:51:49.373 logback [Thread-2] INFO  o.s.o.j.LocalContainerEntityManagerFactoryBean - Closing JPA EntityManagerFactory for persistence unit 'default'
22:51:49.385 logback [Thread-2] INFO  c.alibaba.druid.pool.DruidDataSource - {dataSource-1} closed
22:53:29.884 logback [main] INFO  c.u.r.ProductCategoryRepositoryTest - Starting ProductCategoryRepositoryTest on DESKTOP-V341JIN with PID 44348 (started by 24219 in D:\sell)
22:53:29.888 logback [main] INFO  c.u.r.ProductCategoryRepositoryTest - No active profile set, falling back to default profiles: default
22:53:29.976 logback [main] INFO  o.s.w.c.s.GenericWebApplicationContext - Refreshing org.springframework.web.context.support.GenericWebApplicationContext@1df8da7a: startup date [Mon Apr 23 22:53:29 CST 2018]; root of context hierarchy
22:53:31.307 logback [background-preinit] INFO  o.h.validator.internal.util.Version - HV000001: Hibernate Validator 5.3.6.Final
22:53:32.326 logback [main] INFO  o.s.d.r.c.RepositoryConfigurationDelegate - Multiple Spring Data modules found, entering strict repository configuration mode!
22:53:32.465 logback [main] INFO  o.s.d.r.c.RepositoryConfigurationDelegate - Multiple Spring Data modules found, entering strict repository configuration mode!
22:53:32.528 logback [main] INFO  o.s.d.r.c.RepositoryConfigurationExtensionSupport - Spring Data Redis - Could not safely identify store assignment for repository candidate interface com.usher.repository.ProductCategoryRepository.
22:53:33.394 logback [main] INFO  o.s.b.f.a.AutowiredAnnotationBeanPostProcessor - JSR-330 'javax.inject.Inject' annotation found and supported for autowiring
22:53:33.732 logback [main] INFO  o.s.c.s.PostProcessorRegistrationDelegate$BeanPostProcessorChecker - Bean 'org.springframework.transaction.annotation.ProxyTransactionManagementConfiguration' of type [org.springframework.transaction.annotation.ProxyTransactionManagementConfiguration$$EnhancerBySpringCGLIB$$efc69acd] is not eligible for getting processed by all BeanPostProcessors (for example: not eligible for auto-proxying)
22:53:35.661 logback [main] INFO  c.alibaba.druid.pool.DruidDataSource - {dataSource-1} inited
22:53:36.330 logback [main] INFO  o.s.o.j.LocalContainerEntityManagerFactoryBean - Building JPA container EntityManagerFactory for persistence unit 'default'
22:53:36.368 logback [main] INFO  o.h.jpa.internal.util.LogHelper - HHH000204: Processing PersistenceUnitInfo [
	name: default
	...]
22:53:36.675 logback [main] INFO  org.hibernate.Version - HHH000412: Hibernate Core {5.0.12.Final}
22:53:36.678 logback [main] INFO  org.hibernate.cfg.Environment - HHH000206: hibernate.properties not found
22:53:36.681 logback [main] INFO  org.hibernate.cfg.Environment - HHH000021: Bytecode provider name : javassist
22:53:36.820 logback [main] INFO  o.h.annotations.common.Version - HCANN000001: Hibernate Commons Annotations {5.0.1.Final}
22:53:37.356 logback [main] INFO  org.hibernate.dialect.Dialect - HHH000400: Using dialect: org.hibernate.dialect.MySQL5Dialect
22:53:38.813 logback [main] INFO  o.s.o.j.LocalContainerEntityManagerFactoryBean - Initialized JPA EntityManagerFactory for persistence unit 'default'
22:53:41.062 logback [main] INFO  o.s.w.s.m.m.a.RequestMappingHandlerAdapter - Looking for @ControllerAdvice: org.springframework.web.context.support.GenericWebApplicationContext@1df8da7a: startup date [Mon Apr 23 22:53:29 CST 2018]; root of context hierarchy
22:53:41.400 logback [main] INFO  o.s.w.s.m.m.a.RequestMappingHandlerMapping - Mapped "{[/error]}" onto public org.springframework.http.ResponseEntity<java.util.Map<java.lang.String, java.lang.Object>> org.springframework.boot.autoconfigure.web.BasicErrorController.error(javax.servlet.http.HttpServletRequest)
22:53:41.402 logback [main] INFO  o.s.w.s.m.m.a.RequestMappingHandlerMapping - Mapped "{[/error],produces=[text/html]}" onto public org.springframework.web.servlet.ModelAndView org.springframework.boot.autoconfigure.web.BasicErrorController.errorHtml(javax.servlet.http.HttpServletRequest,javax.servlet.http.HttpServletResponse)
22:53:41.476 logback [main] INFO  o.s.w.s.h.SimpleUrlHandlerMapping - Mapped URL path [/webjars/**] onto handler of type [class org.springframework.web.servlet.resource.ResourceHttpRequestHandler]
22:53:41.477 logback [main] INFO  o.s.w.s.h.SimpleUrlHandlerMapping - Mapped URL path [/**] onto handler of type [class org.springframework.web.servlet.resource.ResourceHttpRequestHandler]
22:53:41.606 logback [main] INFO  o.s.w.s.h.SimpleUrlHandlerMapping - Mapped URL path [/**/favicon.ico] onto handler of type [class org.springframework.web.servlet.resource.ResourceHttpRequestHandler]
22:53:43.152 logback [main] INFO  o.s.u.f.SpringTemplateLoader - SpringTemplateLoader for FreeMarker: using resource loader [org.springframework.web.context.support.GenericWebApplicationContext@1df8da7a: startup date [Mon Apr 23 22:53:29 CST 2018]; root of context hierarchy] and template loader path [classpath:/templates/]
22:53:43.155 logback [main] INFO  o.s.w.s.v.f.FreeMarkerConfigurer - ClassTemplateLoader for Spring macros added to FreeMarker configuration
22:53:43.209 logback [main] WARN  o.s.b.a.f.FreeMarkerAutoConfiguration - Cannot find template location(s): [classpath:/templates/] (please add some templates, check your FreeMarker configuration, or set spring.freemarker.checkTemplateLocation=false)
22:53:43.605 logback [main] INFO  c.u.r.ProductCategoryRepositoryTest - Started ProductCategoryRepositoryTest in 15.516 seconds (JVM running for 19.839)
22:53:43.980 logback [Thread-2] INFO  o.s.w.c.s.GenericWebApplicationContext - Closing org.springframework.web.context.support.GenericWebApplicationContext@1df8da7a: startup date [Mon Apr 23 22:53:29 CST 2018]; root of context hierarchy
22:53:43.990 logback [Thread-2] INFO  o.s.o.j.LocalContainerEntityManagerFactoryBean - Closing JPA EntityManagerFactory for persistence unit 'default'
22:53:44.001 logback [Thread-2] INFO  c.alibaba.druid.pool.DruidDataSource - {dataSource-1} closed
23:00:24.220 logback [main] INFO  c.u.r.ProductCategoryRepositoryTest - Starting ProductCategoryRepositoryTest on DESKTOP-V341JIN with PID 47208 (started by 24219 in D:\sell)
23:00:24.222 logback [main] INFO  c.u.r.ProductCategoryRepositoryTest - No active profile set, falling back to default profiles: default
23:00:24.374 logback [main] INFO  o.s.w.c.s.GenericWebApplicationContext - Refreshing org.springframework.web.context.support.GenericWebApplicationContext@f9879ac: startup date [Mon Apr 23 23:00:24 CST 2018]; root of context hierarchy
23:00:25.680 logback [background-preinit] INFO  o.h.validator.internal.util.Version - HV000001: Hibernate Validator 5.3.6.Final
23:00:26.740 logback [main] INFO  o.s.d.r.c.RepositoryConfigurationDelegate - Multiple Spring Data modules found, entering strict repository configuration mode!
23:00:26.872 logback [main] INFO  o.s.d.r.c.RepositoryConfigurationDelegate - Multiple Spring Data modules found, entering strict repository configuration mode!
23:00:26.923 logback [main] INFO  o.s.d.r.c.RepositoryConfigurationExtensionSupport - Spring Data Redis - Could not safely identify store assignment for repository candidate interface com.usher.repository.ProductCategoryRepository.
23:00:28.123 logback [main] INFO  o.s.b.f.a.AutowiredAnnotationBeanPostProcessor - JSR-330 'javax.inject.Inject' annotation found and supported for autowiring
23:00:28.507 logback [main] INFO  o.s.c.s.PostProcessorRegistrationDelegate$BeanPostProcessorChecker - Bean 'org.springframework.transaction.annotation.ProxyTransactionManagementConfiguration' of type [org.springframework.transaction.annotation.ProxyTransactionManagementConfiguration$$EnhancerBySpringCGLIB$$a8079754] is not eligible for getting processed by all BeanPostProcessors (for example: not eligible for auto-proxying)
23:00:30.820 logback [main] INFO  c.alibaba.druid.pool.DruidDataSource - {dataSource-1} inited
23:00:31.700 logback [main] INFO  o.s.o.j.LocalContainerEntityManagerFactoryBean - Building JPA container EntityManagerFactory for persistence unit 'default'
23:00:31.735 logback [main] INFO  o.h.jpa.internal.util.LogHelper - HHH000204: Processing PersistenceUnitInfo [
	name: default
	...]
23:00:31.935 logback [main] INFO  org.hibernate.Version - HHH000412: Hibernate Core {5.0.12.Final}
23:00:31.938 logback [main] INFO  org.hibernate.cfg.Environment - HHH000206: hibernate.properties not found
23:00:31.942 logback [main] INFO  org.hibernate.cfg.Environment - HHH000021: Bytecode provider name : javassist
23:00:32.329 logback [main] INFO  o.h.annotations.common.Version - HCANN000001: Hibernate Commons Annotations {5.0.1.Final}
23:00:32.712 logback [main] INFO  org.hibernate.dialect.Dialect - HHH000400: Using dialect: org.hibernate.dialect.MySQL5Dialect
23:00:34.695 logback [main] INFO  o.s.o.j.LocalContainerEntityManagerFactoryBean - Initialized JPA EntityManagerFactory for persistence unit 'default'
23:00:37.486 logback [main] INFO  o.s.w.s.m.m.a.RequestMappingHandlerAdapter - Looking for @ControllerAdvice: org.springframework.web.context.support.GenericWebApplicationContext@f9879ac: startup date [Mon Apr 23 23:00:24 CST 2018]; root of context hierarchy
23:00:37.748 logback [main] INFO  o.s.w.s.m.m.a.RequestMappingHandlerMapping - Mapped "{[/error]}" onto public org.springframework.http.ResponseEntity<java.util.Map<java.lang.String, java.lang.Object>> org.springframework.boot.autoconfigure.web.BasicErrorController.error(javax.servlet.http.HttpServletRequest)
23:00:37.752 logback [main] INFO  o.s.w.s.m.m.a.RequestMappingHandlerMapping - Mapped "{[/error],produces=[text/html]}" onto public org.springframework.web.servlet.ModelAndView org.springframework.boot.autoconfigure.web.BasicErrorController.errorHtml(javax.servlet.http.HttpServletRequest,javax.servlet.http.HttpServletResponse)
23:00:37.831 logback [main] INFO  o.s.w.s.h.SimpleUrlHandlerMapping - Mapped URL path [/webjars/**] onto handler of type [class org.springframework.web.servlet.resource.ResourceHttpRequestHandler]
23:00:37.831 logback [main] INFO  o.s.w.s.h.SimpleUrlHandlerMapping - Mapped URL path [/**] onto handler of type [class org.springframework.web.servlet.resource.ResourceHttpRequestHandler]
23:00:37.923 logback [main] INFO  o.s.w.s.h.SimpleUrlHandlerMapping - Mapped URL path [/**/favicon.ico] onto handler of type [class org.springframework.web.servlet.resource.ResourceHttpRequestHandler]
23:00:39.686 logback [main] INFO  o.s.u.f.SpringTemplateLoader - SpringTemplateLoader for FreeMarker: using resource loader [org.springframework.web.context.support.GenericWebApplicationContext@f9879ac: startup date [Mon Apr 23 23:00:24 CST 2018]; root of context hierarchy] and template loader path [classpath:/templates/]
23:00:39.690 logback [main] INFO  o.s.w.s.v.f.FreeMarkerConfigurer - ClassTemplateLoader for Spring macros added to FreeMarker configuration
23:00:39.808 logback [main] WARN  o.s.b.a.f.FreeMarkerAutoConfiguration - Cannot find template location(s): [classpath:/templates/] (please add some templates, check your FreeMarker configuration, or set spring.freemarker.checkTemplateLocation=false)
23:00:40.661 logback [main] INFO  c.u.r.ProductCategoryRepositoryTest - Started ProductCategoryRepositoryTest in 18.588 seconds (JVM running for 25.246)
23:00:40.779 logback [main] INFO  o.s.t.c.t.TransactionContext - Began transaction (1) for test context [DefaultTestContext@65c7a252 testClass = ProductCategoryRepositoryTest, testInstance = com.usher.repository.ProductCategoryRepositoryTest@6f2a1ff0, testMethod = saveTest@ProductCategoryRepositoryTest, testException = [null], mergedContextConfiguration = [WebMergedContextConfiguration@4d154ccd testClass = ProductCategoryRepositoryTest, locations = '{}', classes = '{class com.usher.SellApplication}', contextInitializerClasses = '[]', activeProfiles = '{}', propertySourceLocations = '{}', propertySourceProperties = '{org.springframework.boot.test.context.SpringBootTestContextBootstrapper=true}', contextCustomizers = set[org.springframework.boot.test.context.SpringBootTestContextCustomizer@3d51f06e, org.springframework.boot.test.context.filter.ExcludeFilterContextCustomizer@3427b02d, org.springframework.boot.test.json.DuplicateJsonObjectContextCustomizerFactory$DuplicateJsonObjectContextCustomizer@3c407114, org.springframework.boot.test.mock.mockito.MockitoContextCustomizer@0, org.springframework.boot.test.autoconfigure.properties.PropertyMappingContextCustomizer@0, org.springframework.boot.test.autoconfigure.web.servlet.WebDriverContextCustomizerFactory$Customizer@694abbdc], resourceBasePath = 'src/main/webapp', contextLoader = 'org.springframework.boot.test.context.SpringBootContextLoader', parent = [null]]]; transaction manager [org.springframework.orm.jpa.JpaTransactionManager@3ff53704]; rollback [true]
23:03:23.244 logback [main] INFO  o.s.t.c.t.TransactionContext - Rolled back transaction for test: [DefaultTestContext@65c7a252 testClass = ProductCategoryRepositoryTest, testInstance = com.usher.repository.ProductCategoryRepositoryTest@6f2a1ff0, testMethod = saveTest@ProductCategoryRepositoryTest, testException = [null], mergedContextConfiguration = [WebMergedContextConfiguration@4d154ccd testClass = ProductCategoryRepositoryTest, locations = '{}', classes = '{class com.usher.SellApplication}', contextInitializerClasses = '[]', activeProfiles = '{}', propertySourceLocations = '{}', propertySourceProperties = '{org.springframework.boot.test.context.SpringBootTestContextBootstrapper=true}', contextCustomizers = set[org.springframework.boot.test.context.SpringBootTestContextCustomizer@3d51f06e, org.springframework.boot.test.context.filter.ExcludeFilterContextCustomizer@3427b02d, org.springframework.boot.test.json.DuplicateJsonObjectContextCustomizerFactory$DuplicateJsonObjectContextCustomizer@3c407114, org.springframework.boot.test.mock.mockito.MockitoContextCustomizer@0, org.springframework.boot.test.autoconfigure.properties.PropertyMappingContextCustomizer@0, org.springframework.boot.test.autoconfigure.web.servlet.WebDriverContextCustomizerFactory$Customizer@694abbdc], resourceBasePath = 'src/main/webapp', contextLoader = 'org.springframework.boot.test.context.SpringBootContextLoader', parent = [null]]]
23:03:23.325 logback [Thread-2] INFO  o.s.w.c.s.GenericWebApplicationContext - Closing org.springframework.web.context.support.GenericWebApplicationContext@f9879ac: startup date [Mon Apr 23 23:00:24 CST 2018]; root of context hierarchy
23:03:23.342 logback [Thread-2] INFO  o.s.o.j.LocalContainerEntityManagerFactoryBean - Closing JPA EntityManagerFactory for persistence unit 'default'
23:03:23.352 logback [Thread-2] INFO  c.alibaba.druid.pool.DruidDataSource - {dataSource-1} closed
23:08:33.115 logback [main] INFO  c.u.r.ProductCategoryRepositoryTest - Starting ProductCategoryRepositoryTest on DESKTOP-V341JIN with PID 19108 (started by 24219 in D:\sell)
23:08:33.122 logback [main] INFO  c.u.r.ProductCategoryRepositoryTest - No active profile set, falling back to default profiles: default
23:08:33.376 logback [main] INFO  o.s.w.c.s.GenericWebApplicationContext - Refreshing org.springframework.web.context.support.GenericWebApplicationContext@f9879ac: startup date [Mon Apr 23 23:08:33 CST 2018]; root of context hierarchy
23:08:36.528 logback [background-preinit] INFO  o.h.validator.internal.util.Version - HV000001: Hibernate Validator 5.3.6.Final
23:08:38.950 logback [main] INFO  o.s.d.r.c.RepositoryConfigurationDelegate - Multiple Spring Data modules found, entering strict repository configuration mode!
23:08:39.618 logback [main] INFO  o.s.d.r.c.RepositoryConfigurationDelegate - Multiple Spring Data modules found, entering strict repository configuration mode!
23:08:39.772 logback [main] INFO  o.s.d.r.c.RepositoryConfigurationExtensionSupport - Spring Data Redis - Could not safely identify store assignment for repository candidate interface com.usher.repository.ProductCategoryRepository.
23:08:42.013 logback [main] INFO  o.s.b.f.a.AutowiredAnnotationBeanPostProcessor - JSR-330 'javax.inject.Inject' annotation found and supported for autowiring
23:08:43.151 logback [main] INFO  o.s.c.s.PostProcessorRegistrationDelegate$BeanPostProcessorChecker - Bean 'org.springframework.transaction.annotation.ProxyTransactionManagementConfiguration' of type [org.springframework.transaction.annotation.ProxyTransactionManagementConfiguration$$EnhancerBySpringCGLIB$$59706a5a] is not eligible for getting processed by all BeanPostProcessors (for example: not eligible for auto-proxying)
23:08:47.664 logback [main] INFO  c.alibaba.druid.pool.DruidDataSource - {dataSource-1} inited
23:08:48.809 logback [main] INFO  o.s.o.j.LocalContainerEntityManagerFactoryBean - Building JPA container EntityManagerFactory for persistence unit 'default'
23:08:48.881 logback [main] INFO  o.h.jpa.internal.util.LogHelper - HHH000204: Processing PersistenceUnitInfo [
	name: default
	...]
23:08:49.447 logback [main] INFO  org.hibernate.Version - HHH000412: Hibernate Core {5.0.12.Final}
23:08:49.458 logback [main] INFO  org.hibernate.cfg.Environment - HHH000206: hibernate.properties not found
23:08:49.462 logback [main] INFO  org.hibernate.cfg.Environment - HHH000021: Bytecode provider name : javassist
23:08:49.920 logback [main] INFO  o.h.annotations.common.Version - HCANN000001: Hibernate Commons Annotations {5.0.1.Final}
23:08:50.545 logback [main] INFO  org.hibernate.dialect.Dialect - HHH000400: Using dialect: org.hibernate.dialect.MySQL5Dialect
23:08:54.560 logback [main] INFO  o.s.o.j.LocalContainerEntityManagerFactoryBean - Initialized JPA EntityManagerFactory for persistence unit 'default'
23:09:02.042 logback [main] INFO  o.s.w.s.m.m.a.RequestMappingHandlerAdapter - Looking for @ControllerAdvice: org.springframework.web.context.support.GenericWebApplicationContext@f9879ac: startup date [Mon Apr 23 23:08:33 CST 2018]; root of context hierarchy
23:09:02.709 logback [main] INFO  o.s.w.s.m.m.a.RequestMappingHandlerMapping - Mapped "{[/error]}" onto public org.springframework.http.ResponseEntity<java.util.Map<java.lang.String, java.lang.Object>> org.springframework.boot.autoconfigure.web.BasicErrorController.error(javax.servlet.http.HttpServletRequest)
23:09:02.712 logback [main] INFO  o.s.w.s.m.m.a.RequestMappingHandlerMapping - Mapped "{[/error],produces=[text/html]}" onto public org.springframework.web.servlet.ModelAndView org.springframework.boot.autoconfigure.web.BasicErrorController.errorHtml(javax.servlet.http.HttpServletRequest,javax.servlet.http.HttpServletResponse)
23:09:02.953 logback [main] INFO  o.s.w.s.h.SimpleUrlHandlerMapping - Mapped URL path [/webjars/**] onto handler of type [class org.springframework.web.servlet.resource.ResourceHttpRequestHandler]
23:09:02.953 logback [main] INFO  o.s.w.s.h.SimpleUrlHandlerMapping - Mapped URL path [/**] onto handler of type [class org.springframework.web.servlet.resource.ResourceHttpRequestHandler]
23:09:03.254 logback [main] INFO  o.s.w.s.h.SimpleUrlHandlerMapping - Mapped URL path [/**/favicon.ico] onto handler of type [class org.springframework.web.servlet.resource.ResourceHttpRequestHandler]
23:09:06.930 logback [main] INFO  o.s.u.f.SpringTemplateLoader - SpringTemplateLoader for FreeMarker: using resource loader [org.springframework.web.context.support.GenericWebApplicationContext@f9879ac: startup date [Mon Apr 23 23:08:33 CST 2018]; root of context hierarchy] and template loader path [classpath:/templates/]
23:09:06.934 logback [main] INFO  o.s.w.s.v.f.FreeMarkerConfigurer - ClassTemplateLoader for Spring macros added to FreeMarker configuration
23:09:07.104 logback [main] WARN  o.s.b.a.f.FreeMarkerAutoConfiguration - Cannot find template location(s): [classpath:/templates/] (please add some templates, check your FreeMarker configuration, or set spring.freemarker.checkTemplateLocation=false)
23:09:11.582 logback [main] INFO  c.u.r.ProductCategoryRepositoryTest - Started ProductCategoryRepositoryTest in 41.883 seconds (JVM running for 52.751)
23:09:12.060 logback [main] INFO  o.s.t.c.t.TransactionContext - Began transaction (1) for test context [DefaultTestContext@4d154ccd testClass = ProductCategoryRepositoryTest, testInstance = com.usher.repository.ProductCategoryRepositoryTest@30adae45, testMethod = saveTest@ProductCategoryRepositoryTest, testException = [null], mergedContextConfiguration = [WebMergedContextConfiguration@229c6181 testClass = ProductCategoryRepositoryTest, locations = '{}', classes = '{class com.usher.SellApplication}', contextInitializerClasses = '[]', activeProfiles = '{}', propertySourceLocations = '{}', propertySourceProperties = '{org.springframework.boot.test.context.SpringBootTestContextBootstrapper=true}', contextCustomizers = set[org.springframework.boot.test.context.SpringBootTestContextCustomizer@3d51f06e, org.springframework.boot.test.context.filter.ExcludeFilterContextCustomizer@3427b02d, org.springframework.boot.test.json.DuplicateJsonObjectContextCustomizerFactory$DuplicateJsonObjectContextCustomizer@3c407114, org.springframework.boot.test.mock.mockito.MockitoContextCustomizer@0, org.springframework.boot.test.autoconfigure.properties.PropertyMappingContextCustomizer@0, org.springframework.boot.test.autoconfigure.web.servlet.WebDriverContextCustomizerFactory$Customizer@694abbdc], resourceBasePath = 'src/main/webapp', contextLoader = 'org.springframework.boot.test.context.SpringBootContextLoader', parent = [null]]]; transaction manager [org.springframework.orm.jpa.JpaTransactionManager@11ca8f71]; rollback [true]
23:09:12.927 logback [main] INFO  o.s.t.c.t.TransactionContext - Rolled back transaction for test: [DefaultTestContext@4d154ccd testClass = ProductCategoryRepositoryTest, testInstance = com.usher.repository.ProductCategoryRepositoryTest@30adae45, testMethod = saveTest@ProductCategoryRepositoryTest, testException = [null], mergedContextConfiguration = [WebMergedContextConfiguration@229c6181 testClass = ProductCategoryRepositoryTest, locations = '{}', classes = '{class com.usher.SellApplication}', contextInitializerClasses = '[]', activeProfiles = '{}', propertySourceLocations = '{}', propertySourceProperties = '{org.springframework.boot.test.context.SpringBootTestContextBootstrapper=true}', contextCustomizers = set[org.springframework.boot.test.context.SpringBootTestContextCustomizer@3d51f06e, org.springframework.boot.test.context.filter.ExcludeFilterContextCustomizer@3427b02d, org.springframework.boot.test.json.DuplicateJsonObjectContextCustomizerFactory$DuplicateJsonObjectContextCustomizer@3c407114, org.springframework.boot.test.mock.mockito.MockitoContextCustomizer@0, org.springframework.boot.test.autoconfigure.properties.PropertyMappingContextCustomizer@0, org.springframework.boot.test.autoconfigure.web.servlet.WebDriverContextCustomizerFactory$Customizer@694abbdc], resourceBasePath = 'src/main/webapp', contextLoader = 'org.springframework.boot.test.context.SpringBootContextLoader', parent = [null]]]
23:09:13.295 logback [main] INFO  o.h.h.i.QueryTranslatorFactoryInitiator - HHH000397: Using ASTQueryTranslatorFactory
23:10:49.122 logback [Thread-2] INFO  o.s.w.c.s.GenericWebApplicationContext - Closing org.springframework.web.context.support.GenericWebApplicationContext@f9879ac: startup date [Mon Apr 23 23:08:33 CST 2018]; root of context hierarchy
23:10:49.130 logback [Thread-2] INFO  o.s.o.j.LocalContainerEntityManagerFactoryBean - Closing JPA EntityManagerFactory for persistence unit 'default'
23:10:49.144 logback [Thread-2] INFO  c.alibaba.druid.pool.DruidDataSource - {dataSource-1} closed
